{"numTotalTestSuites":277,"numPassedTestSuites":0,"numFailedTestSuites":277,"numPendingTestSuites":0,"numTotalTests":0,"numPassedTests":0,"numFailedTests":0,"numPendingTests":0,"numTodoTests":0,"snapshot":{"added":0,"failure":false,"filesAdded":0,"filesRemoved":0,"filesRemovedList":[],"filesUnmatched":0,"filesUpdated":0,"matched":0,"total":0,"unchecked":0,"uncheckedKeysByFile":[],"unmatched":0,"updated":0,"didUpdate":false},"startTime":1777493729409,"success":false,"testResults":[{"assertionResults":[],"startTime":1777493729409,"endTime":1777493729409,"status":"failed","message":"No test suite found in file C:/files/Claude/automation-v1/shared/lib/parseContextSwitchCommand.test.ts","name":"C:/files/Claude/automation-v1/shared/lib/parseContextSwitchCommand.test.ts"},{"assertionResults":[],"startTime":1777493729409,"endTime":1777493729409,"status":"failed","message":"No test suite found in file C:/files/Claude/automation-v1/server/services/scopeResolutionService.test.ts","name":"C:/files/Claude/automation-v1/server/services/scopeResolutionService.test.ts"},{"assertionResults":[],"startTime":1777493729409,"endTime":1777493729409,"status":"failed","message":"No test suite found in file C:/files/Claude/automation-v1/shared/__tests__/errorCodePure.test.ts","name":"C:/files/Claude/automation-v1/shared/__tests__/errorCodePure.test.ts"},{"assertionResults":[],"startTime":1777493729409,"endTime":1777493729409,"status":"failed","message":"No test suite found in file C:/files/Claude/automation-v1/shared/__tests__/stateMachineGuardsPure.test.ts","name":"C:/files/Claude/automation-v1/shared/__tests__/stateMachineGuardsPure.test.ts"},{"assertionResults":[],"startTime":1777493729409,"endTime":1777493729409,"status":"failed","message":"No test suite found in file C:/files/Claude/automation-v1/scripts/__tests__/auditSubaccountRootsPure.test.ts","name":"C:/files/Claude/automation-v1/scripts/__tests__/auditSubaccountRootsPure.test.ts"},{"assertionResults":[],"startTime":1777493729409,"endTime":1777493729409,"status":"failed","message":"No test suite found in file C:/files/Claude/automation-v1/scripts/__tests__/build-code-graph-watcher.test.ts","name":"C:/files/Claude/automation-v1/scripts/__tests__/build-code-graph-watcher.test.ts"},{"assertionResults":[],"startTime":1777493729409,"endTime":1777493729409,"status":"failed","message":"No test suite found in file C:/files/Claude/automation-v1/scripts/__tests__/chatgpt-reviewPure.test.ts","name":"C:/files/Claude/automation-v1/scripts/__tests__/chatgpt-reviewPure.test.ts"},{"assertionResults":[],"startTime":1777493729409,"endTime":1777493729409,"status":"failed","message":"No test suite found in file C:/files/Claude/automation-v1/scripts/__tests__/rlsContractImportTypePure.test.ts","name":"C:/files/Claude/automation-v1/scripts/__tests__/rlsContractImportTypePure.test.ts"},{"assertionResults":[],"startTime":1777493729409,"endTime":1777493729409,"status":"failed","message":"No test suite found in file C:/files/Claude/automation-v1/server/config/__tests__/actionRegistry.test.ts","name":"C:/files/Claude/automation-v1/server/config/__tests__/actionRegistry.test.ts"},{"assertionResults":[],"startTime":1777493729409,"endTime":1777493729409,"status":"failed","message":"No test suite found in file C:/files/Claude/automation-v1/server/config/__tests__/actionSlugAliasesPure.test.ts","name":"C:/files/Claude/automation-v1/server/config/__tests__/actionSlugAliasesPure.test.ts"},{"assertionResults":[],"startTime":1777493729409,"endTime":1777493729409,"status":"failed","message":"No test suite found in file C:/files/Claude/automation-v1/server/config/__tests__/jobConfigInvariant.test.ts","name":"C:/files/Claude/automation-v1/server/config/__tests__/jobConfigInvariant.test.ts"},{"assertionResults":[],"startTime":1777493729409,"endTime":1777493729409,"status":"failed","message":"No test suite found in file C:/files/Claude/automation-v1/server/config/__tests__/sensitiveConfigPathsRegistryPure.test.ts","name":"C:/files/Claude/automation-v1/server/config/__tests__/sensitiveConfigPathsRegistryPure.test.ts"},{"assertionResults":[],"startTime":1777493729409,"endTime":1777493729409,"status":"failed","message":"No test suite found in file C:/files/Claude/automation-v1/server/jobs/__tests__/bundleUtilizationJob.idempotency.test.ts","name":"C:/files/Claude/automation-v1/server/jobs/__tests__/bundleUtilizationJob.idempotency.test.ts"},{"assertionResults":[],"startTime":1777493729409,"endTime":1777493729409,"status":"failed","message":"No test suite found in file C:/files/Claude/automation-v1/server/jobs/__tests__/connectorPollingSync.idempotency.test.ts","name":"C:/files/Claude/automation-v1/server/jobs/__tests__/connectorPollingSync.idempotency.test.ts"},{"assertionResults":[],"startTime":1777493729409,"endTime":1777493729409,"status":"failed","message":"No test suite found in file C:/files/Claude/automation-v1/server/jobs/__tests__/fastPathDecisionsPruneJobPure.test.ts","name":"C:/files/Claude/automation-v1/server/jobs/__tests__/fastPathDecisionsPruneJobPure.test.ts"},{"assertionResults":[],"startTime":1777493729409,"endTime":1777493729409,"status":"failed","message":"No test suite found in file C:/files/Claude/automation-v1/server/jobs/__tests__/fastPathRecalibrateJobPure.test.ts","name":"C:/files/Claude/automation-v1/server/jobs/__tests__/fastPathRecalibrateJobPure.test.ts"},{"assertionResults":[],"startTime":1777493729409,"endTime":1777493729409,"status":"failed","message":"No test suite found in file C:/files/Claude/automation-v1/server/jobs/__tests__/ledgerArchivePure.test.ts","name":"C:/files/Claude/automation-v1/server/jobs/__tests__/ledgerArchivePure.test.ts"},{"assertionResults":[],"startTime":1777493729409,"endTime":1777493729409,"status":"failed","message":"No test suite found in file C:/files/Claude/automation-v1/server/jobs/__tests__/llmInflightHistoryCleanupJobPure.test.ts","name":"C:/files/Claude/automation-v1/server/jobs/__tests__/llmInflightHistoryCleanupJobPure.test.ts"},{"assertionResults":[],"startTime":1777493729409,"endTime":1777493729409,"status":"failed","message":"No test suite found in file C:/files/Claude/automation-v1/server/jobs/__tests__/llmStartedRowSweepJobPure.test.ts","name":"C:/files/Claude/automation-v1/server/jobs/__tests__/llmStartedRowSweepJobPure.test.ts"},{"assertionResults":[],"startTime":1777493729409,"endTime":1777493729409,"status":"failed","message":"No test suite found in file C:/files/Claude/automation-v1/server/jobs/__tests__/measureInterventionOutcomeJob.idempotency.test.ts","name":"C:/files/Claude/automation-v1/server/jobs/__tests__/measureInterventionOutcomeJob.idempotency.test.ts"},{"assertionResults":[],"startTime":1777493729409,"endTime":1777493729409,"status":"failed","message":"No test suite found in file C:/files/Claude/automation-v1/server/jobs/__tests__/measureInterventionOutcomeJobPure.test.ts","name":"C:/files/Claude/automation-v1/server/jobs/__tests__/measureInterventionOutcomeJobPure.test.ts"},{"assertionResults":[],"startTime":1777493729409,"endTime":1777493729409,"status":"failed","message":"No test suite found in file C:/files/Claude/automation-v1/server/jobs/__tests__/ruleAutoDeprecateJob.idempotency.test.ts","name":"C:/files/Claude/automation-v1/server/jobs/__tests__/ruleAutoDeprecateJob.idempotency.test.ts"},{"assertionResults":[],"startTime":1777493729409,"endTime":1777493729409,"status":"failed","message":"No test suite found in file C:/files/Claude/automation-v1/server/jobs/__tests__/ruleAutoDeprecateJobPure.test.ts","name":"C:/files/Claude/automation-v1/server/jobs/__tests__/ruleAutoDeprecateJobPure.test.ts"},{"assertionResults":[],"startTime":1777493729409,"endTime":1777493729409,"status":"failed","message":"No test suite found in file C:/files/Claude/automation-v1/server/jobs/__tests__/skillAnalyzerJobIncidentEmission.integration.test.ts","name":"C:/files/Claude/automation-v1/server/jobs/__tests__/skillAnalyzerJobIncidentEmission.integration.test.ts"},{"assertionResults":[],"startTime":1777493729409,"endTime":1777493729409,"status":"failed","message":"No test suite found in file C:/files/Claude/automation-v1/server/jobs/__tests__/staleAnalyzerJobSweepJobPure.test.ts","name":"C:/files/Claude/automation-v1/server/jobs/__tests__/staleAnalyzerJobSweepJobPure.test.ts"},{"assertionResults":[],"startTime":1777493729409,"endTime":1777493729409,"status":"failed","message":"No test suite found in file C:/files/Claude/automation-v1/server/lib/__tests__/agentRunEditPermissionMaskPure.test.ts","name":"C:/files/Claude/automation-v1/server/lib/__tests__/agentRunEditPermissionMaskPure.test.ts"},{"assertionResults":[],"startTime":1777493729409,"endTime":1777493729409,"status":"failed","message":"No test suite found in file C:/files/Claude/automation-v1/server/lib/__tests__/agentRunVisibilityPure.test.ts","name":"C:/files/Claude/automation-v1/server/lib/__tests__/agentRunVisibilityPure.test.ts"},{"assertionResults":[],"startTime":1777493729409,"endTime":1777493729409,"status":"failed","message":"No test suite found in file C:/files/Claude/automation-v1/server/lib/__tests__/briefContractTestHarness.example.test.ts","name":"C:/files/Claude/automation-v1/server/lib/__tests__/briefContractTestHarness.example.test.ts"},{"assertionResults":[],"startTime":1777493729409,"endTime":1777493729409,"status":"failed","message":"No test suite found in file C:/files/Claude/automation-v1/server/lib/__tests__/briefContractTestHarness.test.ts","name":"C:/files/Claude/automation-v1/server/lib/__tests__/briefContractTestHarness.test.ts"},{"assertionResults":[],"startTime":1777493729409,"endTime":1777493729409,"status":"failed","message":"No test suite found in file C:/files/Claude/automation-v1/server/lib/__tests__/derivedDataMissingLog.test.ts","name":"C:/files/Claude/automation-v1/server/lib/__tests__/derivedDataMissingLog.test.ts"},{"assertionResults":[],"startTime":1777493729409,"endTime":1777493729409,"status":"failed","message":"No test suite found in file C:/files/Claude/automation-v1/server/lib/__tests__/idempotencyVersionPure.test.ts","name":"C:/files/Claude/automation-v1/server/lib/__tests__/idempotencyVersionPure.test.ts"},{"assertionResults":[],"startTime":1777493729409,"endTime":1777493729409,"status":"failed","message":"No test suite found in file C:/files/Claude/automation-v1/server/lib/__tests__/llmStub.test.ts","name":"C:/files/Claude/automation-v1/server/lib/__tests__/llmStub.test.ts"},{"assertionResults":[],"startTime":1777493729409,"endTime":1777493729409,"status":"failed","message":"No test suite found in file C:/files/Claude/automation-v1/server/lib/__tests__/logger.integration.test.ts","name":"C:/files/Claude/automation-v1/server/lib/__tests__/logger.integration.test.ts"},{"assertionResults":[],"startTime":1777493729409,"endTime":1777493729409,"status":"failed","message":"No test suite found in file C:/files/Claude/automation-v1/server/lib/__tests__/loggerBufferAdapterPure.test.ts","name":"C:/files/Claude/automation-v1/server/lib/__tests__/loggerBufferAdapterPure.test.ts"},{"assertionResults":[],"startTime":1777493729409,"endTime":1777493729409,"status":"failed","message":"No test suite found in file C:/files/Claude/automation-v1/server/lib/__tests__/postCommitEmitter.test.ts","name":"C:/files/Claude/automation-v1/server/lib/__tests__/postCommitEmitter.test.ts"},{"assertionResults":[],"startTime":1777493729409,"endTime":1777493729409,"status":"failed","message":"No test suite found in file C:/files/Claude/automation-v1/server/lib/__tests__/queryIntentClassifierPure.test.ts","name":"C:/files/Claude/automation-v1/server/lib/__tests__/queryIntentClassifierPure.test.ts"},{"assertionResults":[],"startTime":1777493729409,"endTime":1777493729409,"status":"failed","message":"No test suite found in file C:/files/Claude/automation-v1/server/lib/__tests__/reconciliationRequiredErrorPure.test.ts","name":"C:/files/Claude/automation-v1/server/lib/__tests__/reconciliationRequiredErrorPure.test.ts"},{"assertionResults":[],"startTime":1777493729409,"endTime":1777493729409,"status":"failed","message":"No test suite found in file C:/files/Claude/automation-v1/server/lib/__tests__/redactionPure.test.ts","name":"C:/files/Claude/automation-v1/server/lib/__tests__/redactionPure.test.ts"},{"assertionResults":[],"startTime":1777493729409,"endTime":1777493729409,"status":"failed","message":"No test suite found in file C:/files/Claude/automation-v1/server/lib/__tests__/rlsBoundaryGuard.test.ts","name":"C:/files/Claude/automation-v1/server/lib/__tests__/rlsBoundaryGuard.test.ts"},{"assertionResults":[],"startTime":1777493729409,"endTime":1777493729409,"status":"failed","message":"No test suite found in file C:/files/Claude/automation-v1/server/lib/__tests__/sanitizeSearchQueryPure.test.ts","name":"C:/files/Claude/automation-v1/server/lib/__tests__/sanitizeSearchQueryPure.test.ts"},{"assertionResults":[],"startTime":1777493729409,"endTime":1777493729409,"status":"failed","message":"process.exit unexpectedly called with \"1\"","name":"C:/files/Claude/automation-v1/server/lib/__tests__/scopeAssertion.test.ts"},{"assertionResults":[],"startTime":1777493729409,"endTime":1777493729409,"status":"failed","message":"No test suite found in file C:/files/Claude/automation-v1/server/lib/__tests__/softBreakerPure.test.ts","name":"C:/files/Claude/automation-v1/server/lib/__tests__/softBreakerPure.test.ts"},{"assertionResults":[],"startTime":1777493729409,"endTime":1777493729409,"status":"failed","message":"No test suite found in file C:/files/Claude/automation-v1/server/lib/__tests__/testRunIdempotencyPure.test.ts","name":"C:/files/Claude/automation-v1/server/lib/__tests__/testRunIdempotencyPure.test.ts"},{"assertionResults":[],"startTime":1777493729409,"endTime":1777493729409,"status":"failed","message":"No test suite found in file C:/files/Claude/automation-v1/server/lib/__tests__/utf8Truncate.test.ts","name":"C:/files/Claude/automation-v1/server/lib/__tests__/utf8Truncate.test.ts"},{"assertionResults":[],"startTime":1777493729409,"endTime":1777493729409,"status":"failed","message":"No test suite found in file C:/files/Claude/automation-v1/server/routes/__tests__/briefsArtefactsPagination.integration.test.ts","name":"C:/files/Claude/automation-v1/server/routes/__tests__/briefsArtefactsPagination.integration.test.ts"},{"assertionResults":[],"startTime":1777493729409,"endTime":1777493729409,"status":"failed","message":"No test suite found in file C:/files/Claude/automation-v1/server/routes/__tests__/conversationsRouteFollowUp.integration.test.ts","name":"C:/files/Claude/automation-v1/server/routes/__tests__/conversationsRouteFollowUp.integration.test.ts"},{"assertionResults":[],"startTime":1777493729409,"endTime":1777493729409,"status":"failed","message":"No test suite found in file C:/files/Claude/automation-v1/server/routes/__tests__/llmUsage.test.ts","name":"C:/files/Claude/automation-v1/server/routes/__tests__/llmUsage.test.ts"},{"assertionResults":[],"startTime":1777493729409,"endTime":1777493729409,"status":"failed","message":"No test suite found in file C:/files/Claude/automation-v1/server/routes/__tests__/reviewItems.test.ts","name":"C:/files/Claude/automation-v1/server/routes/__tests__/reviewItems.test.ts"},{"assertionResults":[],"startTime":1777493729409,"endTime":1777493729409,"status":"failed","message":"No test suite found in file C:/files/Claude/automation-v1/server/routes/__tests__/sessionMessage.test.ts","name":"C:/files/Claude/automation-v1/server/routes/__tests__/sessionMessage.test.ts"},{"assertionResults":[],"startTime":1777493729409,"endTime":1777493729409,"status":"failed","message":"No test suite found in file C:/files/Claude/automation-v1/server/skills/__tests__/clientPulseInterventionPrimitivesPure.test.ts","name":"C:/files/Claude/automation-v1/server/skills/__tests__/clientPulseInterventionPrimitivesPure.test.ts"},{"assertionResults":[],"startTime":1777493729409,"endTime":1777493729409,"status":"failed","message":"No test suite found in file C:/files/Claude/automation-v1/server/services/__tests__/actionServiceCanonicalisationPure.test.ts","name":"C:/files/Claude/automation-v1/server/services/__tests__/actionServiceCanonicalisationPure.test.ts"},{"assertionResults":[],"startTime":1777493729409,"endTime":1777493729409,"status":"failed","message":"No test suite found in file C:/files/Claude/automation-v1/server/services/__tests__/activityService.test.ts","name":"C:/files/Claude/automation-v1/server/services/__tests__/activityService.test.ts"},{"assertionResults":[],"startTime":1777493729409,"endTime":1777493729409,"status":"failed","message":"No test suite found in file C:/files/Claude/automation-v1/server/services/__tests__/agentActivityService.test.ts","name":"C:/files/Claude/automation-v1/server/services/__tests__/agentActivityService.test.ts"},{"assertionResults":[],"startTime":1777493729409,"endTime":1777493729409,"status":"failed","message":"No test suite found in file C:/files/Claude/automation-v1/server/services/__tests__/agentBeliefServicePure.test.ts","name":"C:/files/Claude/automation-v1/server/services/__tests__/agentBeliefServicePure.test.ts"},{"assertionResults":[],"startTime":1777493729409,"endTime":1777493729409,"status":"failed","message":"No test suite found in file C:/files/Claude/automation-v1/server/services/__tests__/agentExecution.smoke.test.ts","name":"C:/files/Claude/automation-v1/server/services/__tests__/agentExecution.smoke.test.ts"},{"assertionResults":[],"startTime":1777493729409,"endTime":1777493729409,"status":"failed","message":"No test suite found in file C:/files/Claude/automation-v1/server/services/__tests__/agentExecutionEventServicePure.test.ts","name":"C:/files/Claude/automation-v1/server/services/__tests__/agentExecutionEventServicePure.test.ts"},{"assertionResults":[],"startTime":1777493729409,"endTime":1777493729409,"status":"failed","message":"No test suite found in file C:/files/Claude/automation-v1/server/services/__tests__/agentExecutionService.middlewareContext.test.ts","name":"C:/files/Claude/automation-v1/server/services/__tests__/agentExecutionService.middlewareContext.test.ts"},{"assertionResults":[],"startTime":1777493729409,"endTime":1777493729409,"status":"failed","message":"No test suite found in file C:/files/Claude/automation-v1/server/services/__tests__/agentExecutionService.phase.test.ts","name":"C:/files/Claude/automation-v1/server/services/__tests__/agentExecutionService.phase.test.ts"},{"assertionResults":[],"startTime":1777493729409,"endTime":1777493729409,"status":"failed","message":"No test suite found in file C:/files/Claude/automation-v1/server/services/__tests__/agentExecutionService.validateToolCalls.test.ts","name":"C:/files/Claude/automation-v1/server/services/__tests__/agentExecutionService.validateToolCalls.test.ts"},{"assertionResults":[],"startTime":1777493729409,"endTime":1777493729409,"status":"failed","message":"No test suite found in file C:/files/Claude/automation-v1/server/services/__tests__/agentExecutionServicePure.checkpoint.test.ts","name":"C:/files/Claude/automation-v1/server/services/__tests__/agentExecutionServicePure.checkpoint.test.ts"},{"assertionResults":[],"startTime":1777493729409,"endTime":1777493729409,"status":"failed","message":"No test suite found in file C:/files/Claude/automation-v1/server/services/__tests__/agentExecutionServicePure.plan.test.ts","name":"C:/files/Claude/automation-v1/server/services/__tests__/agentExecutionServicePure.plan.test.ts"},{"assertionResults":[],"startTime":1777493729409,"endTime":1777493729409,"status":"failed","message":"No test suite found in file C:/files/Claude/automation-v1/server/services/__tests__/agentExecutionServicePure.runResultStatus.test.ts","name":"C:/files/Claude/automation-v1/server/services/__tests__/agentExecutionServicePure.runResultStatus.test.ts"},{"assertionResults":[],"startTime":1777493729409,"endTime":1777493729409,"status":"failed","message":"No test suite found in file C:/files/Claude/automation-v1/server/services/__tests__/agentExecutionServicePure.toolIntent.test.ts","name":"C:/files/Claude/automation-v1/server/services/__tests__/agentExecutionServicePure.toolIntent.test.ts"},{"assertionResults":[],"startTime":1777493729409,"endTime":1777493729409,"status":"failed","message":"No test suite found in file C:/files/Claude/automation-v1/server/services/__tests__/agentExecutionServiceWb1Pure.test.ts","name":"C:/files/Claude/automation-v1/server/services/__tests__/agentExecutionServiceWb1Pure.test.ts"},{"assertionResults":[],"startTime":1777493729409,"endTime":1777493729409,"status":"failed","message":"No test suite found in file C:/files/Claude/automation-v1/server/services/__tests__/agentRunCleanupJobPure.test.ts","name":"C:/files/Claude/automation-v1/server/services/__tests__/agentRunCleanupJobPure.test.ts"},{"assertionResults":[],"startTime":1777493729409,"endTime":1777493729409,"status":"failed","message":"No test suite found in file C:/files/Claude/automation-v1/server/services/__tests__/agentRunFinalizationServicePure.test.ts","name":"C:/files/Claude/automation-v1/server/services/__tests__/agentRunFinalizationServicePure.test.ts"},{"assertionResults":[],"startTime":1777493729409,"endTime":1777493729409,"status":"failed","message":"No test suite found in file C:/files/Claude/automation-v1/server/services/__tests__/agentRunHandoffServicePure.test.ts","name":"C:/files/Claude/automation-v1/server/services/__tests__/agentRunHandoffServicePure.test.ts"},{"assertionResults":[],"startTime":1777493729409,"endTime":1777493729409,"status":"failed","message":"No test suite found in file C:/files/Claude/automation-v1/server/services/__tests__/agentRunMessageServicePure.test.ts","name":"C:/files/Claude/automation-v1/server/services/__tests__/agentRunMessageServicePure.test.ts"},{"assertionResults":[],"startTime":1777493729409,"endTime":1777493729409,"status":"failed","message":"No test suite found in file C:/files/Claude/automation-v1/server/services/__tests__/agentRunPayloadWriterFailurePathPure.test.ts","name":"C:/files/Claude/automation-v1/server/services/__tests__/agentRunPayloadWriterFailurePathPure.test.ts"},{"assertionResults":[],"startTime":1777493729409,"endTime":1777493729409,"status":"failed","message":"No test suite found in file C:/files/Claude/automation-v1/server/services/__tests__/agentRunPayloadWriterPure.test.ts","name":"C:/files/Claude/automation-v1/server/services/__tests__/agentRunPayloadWriterPure.test.ts"},{"assertionResults":[],"startTime":1777493729409,"endTime":1777493729409,"status":"failed","message":"No test suite found in file C:/files/Claude/automation-v1/server/services/__tests__/alertFatigueGuard.regression.test.ts","name":"C:/files/Claude/automation-v1/server/services/__tests__/alertFatigueGuard.regression.test.ts"},{"assertionResults":[],"startTime":1777493729409,"endTime":1777493729409,"status":"failed","message":"No test suite found in file C:/files/Claude/automation-v1/server/services/__tests__/assertSingleWebhookPure.test.ts","name":"C:/files/Claude/automation-v1/server/services/__tests__/assertSingleWebhookPure.test.ts"},{"assertionResults":[],"startTime":1777493729409,"endTime":1777493729409,"status":"failed","message":"No test suite found in file C:/files/Claude/automation-v1/server/services/__tests__/beliefConflictServicePure.test.ts","name":"C:/files/Claude/automation-v1/server/services/__tests__/beliefConflictServicePure.test.ts"},{"assertionResults":[],"startTime":1777493729409,"endTime":1777493729409,"status":"failed","message":"No test suite found in file C:/files/Claude/automation-v1/server/services/__tests__/briefApprovalServicePure.test.ts","name":"C:/files/Claude/automation-v1/server/services/__tests__/briefApprovalServicePure.test.ts"},{"assertionResults":[],"startTime":1777493729409,"endTime":1777493729409,"status":"failed","message":"No test suite found in file C:/files/Claude/automation-v1/server/services/__tests__/briefArtefactBackstopPure.test.ts","name":"C:/files/Claude/automation-v1/server/services/__tests__/briefArtefactBackstopPure.test.ts"},{"assertionResults":[],"startTime":1777493729409,"endTime":1777493729409,"status":"failed","message":"No test suite found in file C:/files/Claude/automation-v1/server/services/__tests__/briefArtefactCursorPure.test.ts","name":"C:/files/Claude/automation-v1/server/services/__tests__/briefArtefactCursorPure.test.ts"},{"assertionResults":[],"startTime":1777493729409,"endTime":1777493729409,"status":"failed","message":"No test suite found in file C:/files/Claude/automation-v1/server/services/__tests__/briefArtefactPaginationPure.test.ts","name":"C:/files/Claude/automation-v1/server/services/__tests__/briefArtefactPaginationPure.test.ts"},{"assertionResults":[],"startTime":1777493729409,"endTime":1777493729409,"status":"failed","message":"No test suite found in file C:/files/Claude/automation-v1/server/services/__tests__/briefArtefactValidatorPure.test.ts","name":"C:/files/Claude/automation-v1/server/services/__tests__/briefArtefactValidatorPure.test.ts"},{"assertionResults":[],"startTime":1777493729409,"endTime":1777493729409,"status":"failed","message":"No test suite found in file C:/files/Claude/automation-v1/server/services/__tests__/briefConversationWriterPostCommit.integration.test.ts","name":"C:/files/Claude/automation-v1/server/services/__tests__/briefConversationWriterPostCommit.integration.test.ts"},{"assertionResults":[],"startTime":1777493729409,"endTime":1777493729409,"status":"failed","message":"No test suite found in file C:/files/Claude/automation-v1/server/services/__tests__/briefMessageHandlerPure.test.ts","name":"C:/files/Claude/automation-v1/server/services/__tests__/briefMessageHandlerPure.test.ts"},{"assertionResults":[],"startTime":1777493729409,"endTime":1777493729409,"status":"failed","message":"No test suite found in file C:/files/Claude/automation-v1/server/services/__tests__/briefVisibilityServicePure.test.ts","name":"C:/files/Claude/automation-v1/server/services/__tests__/briefVisibilityServicePure.test.ts"},{"assertionResults":[],"startTime":1777493729409,"endTime":1777493729409,"status":"failed","message":"No test suite found in file C:/files/Claude/automation-v1/server/services/__tests__/bundleSuggestionDismissalsPure.test.ts","name":"C:/files/Claude/automation-v1/server/services/__tests__/bundleSuggestionDismissalsPure.test.ts"},{"assertionResults":[],"startTime":1777493729409,"endTime":1777493729409,"status":"failed","message":"No test suite found in file C:/files/Claude/automation-v1/server/services/__tests__/canonicalDataService.findAccountBySubaccountId.test.ts","name":"C:/files/Claude/automation-v1/server/services/__tests__/canonicalDataService.findAccountBySubaccountId.test.ts"},{"assertionResults":[],"startTime":1777493729409,"endTime":1777493729409,"status":"failed","message":"No test suite found in file C:/files/Claude/automation-v1/server/services/__tests__/canonicalDataService.principalContext.test.ts","name":"C:/files/Claude/automation-v1/server/services/__tests__/canonicalDataService.principalContext.test.ts"},{"assertionResults":[],"startTime":1777493729409,"endTime":1777493729409,"status":"failed","message":"No test suite found in file C:/files/Claude/automation-v1/server/services/__tests__/canonicalDictionaryRendererPure.test.ts","name":"C:/files/Claude/automation-v1/server/services/__tests__/canonicalDictionaryRendererPure.test.ts"},{"assertionResults":[],"startTime":1777493729409,"endTime":1777493729409,"status":"failed","message":"No test suite found in file C:/files/Claude/automation-v1/server/services/__tests__/canonicalDictionaryValidatorPure.test.ts","name":"C:/files/Claude/automation-v1/server/services/__tests__/canonicalDictionaryValidatorPure.test.ts"},{"assertionResults":[],"startTime":1777493729409,"endTime":1777493729409,"status":"failed","message":"No test suite found in file C:/files/Claude/automation-v1/server/services/__tests__/canonicalRegistryDriftPure.test.ts","name":"C:/files/Claude/automation-v1/server/services/__tests__/canonicalRegistryDriftPure.test.ts"},{"assertionResults":[],"startTime":1777493729409,"endTime":1777493729409,"status":"failed","message":"No test suite found in file C:/files/Claude/automation-v1/server/services/__tests__/chatTriageClassifierPure.test.ts","name":"C:/files/Claude/automation-v1/server/services/__tests__/chatTriageClassifierPure.test.ts"},{"assertionResults":[],"startTime":1777493729409,"endTime":1777493729409,"status":"failed","message":"No test suite found in file C:/files/Claude/automation-v1/server/services/__tests__/clarificationServicePure.test.ts","name":"C:/files/Claude/automation-v1/server/services/__tests__/clarificationServicePure.test.ts"},{"assertionResults":[],"startTime":1777493729409,"endTime":1777493729409,"status":"failed","message":"No test suite found in file C:/files/Claude/automation-v1/server/services/__tests__/clientPulseHighRiskPure.test.ts","name":"C:/files/Claude/automation-v1/server/services/__tests__/clientPulseHighRiskPure.test.ts"},{"assertionResults":[],"startTime":1777493729409,"endTime":1777493729409,"status":"failed","message":"No test suite found in file C:/files/Claude/automation-v1/server/services/__tests__/clientPulseIngestionPure.test.ts","name":"C:/files/Claude/automation-v1/server/services/__tests__/clientPulseIngestionPure.test.ts"},{"assertionResults":[],"startTime":1777493729409,"endTime":1777493729409,"status":"failed","message":"No test suite found in file C:/files/Claude/automation-v1/server/services/__tests__/clientPulseInterventionProposerPure.test.ts","name":"C:/files/Claude/automation-v1/server/services/__tests__/clientPulseInterventionProposerPure.test.ts"},{"assertionResults":[],"startTime":1777493729409,"endTime":1777493729409,"status":"failed","message":"No test suite found in file C:/files/Claude/automation-v1/server/services/__tests__/computeMeaningfulOutputPure.test.ts","name":"C:/files/Claude/automation-v1/server/services/__tests__/computeMeaningfulOutputPure.test.ts"},{"assertionResults":[],"startTime":1777493729409,"endTime":1777493729409,"status":"failed","message":"No test suite found in file C:/files/Claude/automation-v1/server/services/__tests__/computeRunResultStatusPure.test.ts","name":"C:/files/Claude/automation-v1/server/services/__tests__/computeRunResultStatusPure.test.ts"},{"assertionResults":[],"startTime":1777493729409,"endTime":1777493729409,"status":"failed","message":"No test suite found in file C:/files/Claude/automation-v1/server/services/__tests__/computeStaffActivityPulsePure.test.ts","name":"C:/files/Claude/automation-v1/server/services/__tests__/computeStaffActivityPulsePure.test.ts"},{"assertionResults":[],"startTime":1777493729409,"endTime":1777493729409,"status":"failed","message":"No test suite found in file C:/files/Claude/automation-v1/server/services/__tests__/configAgentGuidelinesInjection.test.ts","name":"C:/files/Claude/automation-v1/server/services/__tests__/configAgentGuidelinesInjection.test.ts"},{"assertionResults":[],"startTime":1777493729409,"endTime":1777493729409,"status":"failed","message":"No test suite found in file C:/files/Claude/automation-v1/server/services/__tests__/configDocumentParserServicePure.test.ts","name":"C:/files/Claude/automation-v1/server/services/__tests__/configDocumentParserServicePure.test.ts"},{"assertionResults":[],"startTime":1777493729409,"endTime":1777493729409,"status":"failed","message":"No test suite found in file C:/files/Claude/automation-v1/server/services/__tests__/configHistoryServicePure.test.ts","name":"C:/files/Claude/automation-v1/server/services/__tests__/configHistoryServicePure.test.ts"},{"assertionResults":[],"startTime":1777493729409,"endTime":1777493729409,"status":"failed","message":"No test suite found in file C:/files/Claude/automation-v1/server/services/__tests__/configUpdateOrganisationConfigPure.test.ts","name":"C:/files/Claude/automation-v1/server/services/__tests__/configUpdateOrganisationConfigPure.test.ts"},{"assertionResults":[],"startTime":1777493729409,"endTime":1777493729409,"status":"failed","message":"No test suite found in file C:/files/Claude/automation-v1/server/services/__tests__/connectorPollingSchedulerPure.test.ts","name":"C:/files/Claude/automation-v1/server/services/__tests__/connectorPollingSchedulerPure.test.ts"},{"assertionResults":[],"startTime":1777493729409,"endTime":1777493729409,"status":"failed","message":"No test suite found in file C:/files/Claude/automation-v1/server/services/__tests__/contextAssemblyEnginePure.test.ts","name":"C:/files/Claude/automation-v1/server/services/__tests__/contextAssemblyEnginePure.test.ts"},{"assertionResults":[],"startTime":1777493729409,"endTime":1777493729409,"status":"failed","message":"No test suite found in file C:/files/Claude/automation-v1/server/services/__tests__/conversationsRoutePure.test.ts","name":"C:/files/Claude/automation-v1/server/services/__tests__/conversationsRoutePure.test.ts"},{"assertionResults":[],"startTime":1777493729409,"endTime":1777493729409,"status":"failed","message":"No test suite found in file C:/files/Claude/automation-v1/server/services/__tests__/critiqueGatePure.test.ts","name":"C:/files/Claude/automation-v1/server/services/__tests__/critiqueGatePure.test.ts"},{"assertionResults":[],"startTime":1777493729409,"endTime":1777493729409,"status":"failed","message":"No test suite found in file C:/files/Claude/automation-v1/server/services/__tests__/decideApprovalStepTypePure.test.ts","name":"C:/files/Claude/automation-v1/server/services/__tests__/decideApprovalStepTypePure.test.ts"},{"assertionResults":[],"startTime":1777493729409,"endTime":1777493729409,"status":"failed","message":"No test suite found in file C:/files/Claude/automation-v1/server/services/__tests__/delegationGrantValidatorPure.test.ts","name":"C:/files/Claude/automation-v1/server/services/__tests__/delegationGrantValidatorPure.test.ts"},{"assertionResults":[],"startTime":1777493729409,"endTime":1777493729409,"status":"failed","message":"No test suite found in file C:/files/Claude/automation-v1/server/services/__tests__/delegationGraphServicePure.test.ts","name":"C:/files/Claude/automation-v1/server/services/__tests__/delegationGraphServicePure.test.ts"},{"assertionResults":[],"startTime":1777493729409,"endTime":1777493729409,"status":"failed","message":"No test suite found in file C:/files/Claude/automation-v1/server/services/__tests__/delegationOutcomeServicePure.test.ts","name":"C:/files/Claude/automation-v1/server/services/__tests__/delegationOutcomeServicePure.test.ts"},{"assertionResults":[],"startTime":1777493729409,"endTime":1777493729409,"status":"failed","message":"No test suite found in file C:/files/Claude/automation-v1/server/services/__tests__/deliveryServicePure.test.ts","name":"C:/files/Claude/automation-v1/server/services/__tests__/deliveryServicePure.test.ts"},{"assertionResults":[],"startTime":1777493729409,"endTime":1777493729409,"status":"failed","message":"No test suite found in file C:/files/Claude/automation-v1/server/services/__tests__/dlqMonitorRoundTrip.integration.test.ts","name":"C:/files/Claude/automation-v1/server/services/__tests__/dlqMonitorRoundTrip.integration.test.ts"},{"assertionResults":[],"startTime":1777493729409,"endTime":1777493729409,"status":"failed","message":"No test suite found in file C:/files/Claude/automation-v1/server/services/__tests__/dlqMonitorServiceForceSyncInvariant.test.ts","name":"C:/files/Claude/automation-v1/server/services/__tests__/dlqMonitorServiceForceSyncInvariant.test.ts"},{"assertionResults":[],"startTime":1777493729409,"endTime":1777493729409,"status":"failed","message":"No test suite found in file C:/files/Claude/automation-v1/server/services/__tests__/dlqMonitorServicePure.test.ts","name":"C:/files/Claude/automation-v1/server/services/__tests__/dlqMonitorServicePure.test.ts"},{"assertionResults":[],"startTime":1777493729409,"endTime":1777493729409,"status":"failed","message":"No test suite found in file C:/files/Claude/automation-v1/server/services/__tests__/drilldownOutcomeBadgePure.test.ts","name":"C:/files/Claude/automation-v1/server/services/__tests__/drilldownOutcomeBadgePure.test.ts"},{"assertionResults":[],"startTime":1777493729409,"endTime":1777493729409,"status":"failed","message":"No test suite found in file C:/files/Claude/automation-v1/server/services/__tests__/drilldownPendingInterventionPure.test.ts","name":"C:/files/Claude/automation-v1/server/services/__tests__/drilldownPendingInterventionPure.test.ts"},{"assertionResults":[],"startTime":1777493729409,"endTime":1777493729409,"status":"failed","message":"No test suite found in file C:/files/Claude/automation-v1/server/services/__tests__/extractRunInsightsErrorMessagePure.test.ts","name":"C:/files/Claude/automation-v1/server/services/__tests__/extractRunInsightsErrorMessagePure.test.ts"},{"assertionResults":[],"startTime":1777493729409,"endTime":1777493729409,"status":"failed","message":"No test suite found in file C:/files/Claude/automation-v1/server/services/__tests__/ghlWebhookMutationsPure.test.ts","name":"C:/files/Claude/automation-v1/server/services/__tests__/ghlWebhookMutationsPure.test.ts"},{"assertionResults":[],"startTime":1777493729409,"endTime":1777493729409,"status":"failed","message":"No test suite found in file C:/files/Claude/automation-v1/server/services/__tests__/hermesTier1Integration.test.ts","name":"C:/files/Claude/automation-v1/server/services/__tests__/hermesTier1Integration.test.ts"},{"assertionResults":[],"startTime":1777493729409,"endTime":1777493729409,"status":"failed","message":"No test suite found in file C:/files/Claude/automation-v1/server/services/__tests__/hierarchyContextBuilderServicePure.test.ts","name":"C:/files/Claude/automation-v1/server/services/__tests__/hierarchyContextBuilderServicePure.test.ts"},{"assertionResults":[],"startTime":1777493729409,"endTime":1777493729409,"status":"failed","message":"No test suite found in file C:/files/Claude/automation-v1/server/services/__tests__/hierarchyRouteResolverServicePure.test.ts","name":"C:/files/Claude/automation-v1/server/services/__tests__/hierarchyRouteResolverServicePure.test.ts"},{"assertionResults":[],"startTime":1777493729409,"endTime":1777493729409,"status":"failed","message":"No test suite found in file C:/files/Claude/automation-v1/server/services/__tests__/incidentIngestorIdempotency.test.ts","name":"C:/files/Claude/automation-v1/server/services/__tests__/incidentIngestorIdempotency.test.ts"},{"assertionResults":[],"startTime":1777493729409,"endTime":1777493729409,"status":"failed","message":"No test suite found in file C:/files/Claude/automation-v1/server/services/__tests__/incidentIngestorPure.test.ts","name":"C:/files/Claude/automation-v1/server/services/__tests__/incidentIngestorPure.test.ts"},{"assertionResults":[],"startTime":1777493729409,"endTime":1777493729409,"status":"failed","message":"No test suite found in file C:/files/Claude/automation-v1/server/services/__tests__/incidentIngestorThrottle.integration.test.ts","name":"C:/files/Claude/automation-v1/server/services/__tests__/incidentIngestorThrottle.integration.test.ts"},{"assertionResults":[],"startTime":1777493729409,"endTime":1777493729409,"status":"failed","message":"No test suite found in file C:/files/Claude/automation-v1/server/services/__tests__/incidentIngestorThrottle.test.ts","name":"C:/files/Claude/automation-v1/server/services/__tests__/incidentIngestorThrottle.test.ts"},{"assertionResults":[],"startTime":1777493729409,"endTime":1777493729409,"status":"failed","message":"No test suite found in file C:/files/Claude/automation-v1/server/services/__tests__/interventionActionMetadataPure.test.ts","name":"C:/files/Claude/automation-v1/server/services/__tests__/interventionActionMetadataPure.test.ts"},{"assertionResults":[],"startTime":1777493729409,"endTime":1777493729409,"status":"failed","message":"No test suite found in file C:/files/Claude/automation-v1/server/services/__tests__/interventionIdempotencyKeysPure.test.ts","name":"C:/files/Claude/automation-v1/server/services/__tests__/interventionIdempotencyKeysPure.test.ts"},{"assertionResults":[],"startTime":1777493729409,"endTime":1777493729409,"status":"failed","message":"No test suite found in file C:/files/Claude/automation-v1/server/services/__tests__/invalidationRacePure.test.ts","name":"C:/files/Claude/automation-v1/server/services/__tests__/invalidationRacePure.test.ts"},{"assertionResults":[],"startTime":1777493729409,"endTime":1777493729409,"status":"failed","message":"No test suite found in file C:/files/Claude/automation-v1/server/services/__tests__/invokeAutomationStepErrorShapePure.test.ts","name":"C:/files/Claude/automation-v1/server/services/__tests__/invokeAutomationStepErrorShapePure.test.ts"},{"assertionResults":[],"startTime":1777493729409,"endTime":1777493729409,"status":"failed","message":"No test suite found in file C:/files/Claude/automation-v1/server/services/__tests__/invokeAutomationStepF15Pure.test.ts","name":"C:/files/Claude/automation-v1/server/services/__tests__/invokeAutomationStepF15Pure.test.ts"},{"assertionResults":[],"startTime":1777493729409,"endTime":1777493729409,"status":"failed","message":"No test suite found in file C:/files/Claude/automation-v1/server/services/__tests__/invokeAutomationStepPure.test.ts","name":"C:/files/Claude/automation-v1/server/services/__tests__/invokeAutomationStepPure.test.ts"},{"assertionResults":[],"startTime":1777493729409,"endTime":1777493729409,"status":"failed","message":"No test suite found in file C:/files/Claude/automation-v1/server/services/__tests__/llmInflightPayloadStorePure.test.ts","name":"C:/files/Claude/automation-v1/server/services/__tests__/llmInflightPayloadStorePure.test.ts"},{"assertionResults":[],"startTime":1777493729409,"endTime":1777493729409,"status":"failed","message":"No test suite found in file C:/files/Claude/automation-v1/server/services/__tests__/llmInflightRegistryPure.test.ts","name":"C:/files/Claude/automation-v1/server/services/__tests__/llmInflightRegistryPure.test.ts"},{"assertionResults":[],"startTime":1777493729409,"endTime":1777493729409,"status":"failed","message":"No test suite found in file C:/files/Claude/automation-v1/server/services/__tests__/llmRouterCostBreaker.test.ts","name":"C:/files/Claude/automation-v1/server/services/__tests__/llmRouterCostBreaker.test.ts"},{"assertionResults":[],"startTime":1777493729409,"endTime":1777493729409,"status":"failed","message":"No test suite found in file C:/files/Claude/automation-v1/server/services/__tests__/llmRouterErrorMappingPure.test.ts","name":"C:/files/Claude/automation-v1/server/services/__tests__/llmRouterErrorMappingPure.test.ts"},{"assertionResults":[],"startTime":1777493729409,"endTime":1777493729409,"status":"failed","message":"No test suite found in file C:/files/Claude/automation-v1/server/services/__tests__/llmRouterIdempotencyPure.test.ts","name":"C:/files/Claude/automation-v1/server/services/__tests__/llmRouterIdempotencyPure.test.ts"},{"assertionResults":[],"startTime":1777493729409,"endTime":1777493729409,"status":"failed","message":"No test suite found in file C:/files/Claude/automation-v1/server/services/__tests__/llmRouterLaelIntegration.test.ts","name":"C:/files/Claude/automation-v1/server/services/__tests__/llmRouterLaelIntegration.test.ts"},{"assertionResults":[],"startTime":1777493729409,"endTime":1777493729409,"status":"failed","message":"No test suite found in file C:/files/Claude/automation-v1/server/services/__tests__/llmRouterPayloadEmissionPure.test.ts","name":"C:/files/Claude/automation-v1/server/services/__tests__/llmRouterPayloadEmissionPure.test.ts"},{"assertionResults":[],"startTime":1777493729409,"endTime":1777493729409,"status":"failed","message":"No test suite found in file C:/files/Claude/automation-v1/server/services/__tests__/llmRouterTimeoutPure.test.ts","name":"C:/files/Claude/automation-v1/server/services/__tests__/llmRouterTimeoutPure.test.ts"},{"assertionResults":[],"startTime":1777493729409,"endTime":1777493729409,"status":"failed","message":"No test suite found in file C:/files/Claude/automation-v1/server/services/__tests__/managerGuardPure.test.ts","name":"C:/files/Claude/automation-v1/server/services/__tests__/managerGuardPure.test.ts"},{"assertionResults":[],"startTime":1777493729409,"endTime":1777493729409,"status":"failed","message":"No test suite found in file C:/files/Claude/automation-v1/server/services/__tests__/mcpToolInvocationsPure.test.ts","name":"C:/files/Claude/automation-v1/server/services/__tests__/mcpToolInvocationsPure.test.ts"},{"assertionResults":[],"startTime":1777493729409,"endTime":1777493729409,"status":"failed","message":"No test suite found in file C:/files/Claude/automation-v1/server/services/__tests__/memoryBlockCitationDetectorPure.test.ts","name":"C:/files/Claude/automation-v1/server/services/__tests__/memoryBlockCitationDetectorPure.test.ts"},{"assertionResults":[],"startTime":1777493729409,"endTime":1777493729409,"status":"failed","message":"No test suite found in file C:/files/Claude/automation-v1/server/services/__tests__/memoryBlockRetrievalServicePure.test.ts","name":"C:/files/Claude/automation-v1/server/services/__tests__/memoryBlockRetrievalServicePure.test.ts"},{"assertionResults":[],"startTime":1777493729409,"endTime":1777493729409,"status":"failed","message":"No test suite found in file C:/files/Claude/automation-v1/server/services/__tests__/memoryBlockServicePure.test.ts","name":"C:/files/Claude/automation-v1/server/services/__tests__/memoryBlockServicePure.test.ts"},{"assertionResults":[],"startTime":1777493729409,"endTime":1777493729409,"status":"failed","message":"No test suite found in file C:/files/Claude/automation-v1/server/services/__tests__/memoryBlockSynthesisServicePure.test.ts","name":"C:/files/Claude/automation-v1/server/services/__tests__/memoryBlockSynthesisServicePure.test.ts"},{"assertionResults":[],"startTime":1777493729409,"endTime":1777493729409,"status":"failed","message":"No test suite found in file C:/files/Claude/automation-v1/server/services/__tests__/memoryBlockUpsertPure.test.ts","name":"C:/files/Claude/automation-v1/server/services/__tests__/memoryBlockUpsertPure.test.ts"},{"assertionResults":[],"startTime":1777493729409,"endTime":1777493729409,"status":"failed","message":"No test suite found in file C:/files/Claude/automation-v1/server/services/__tests__/memoryBlockVersionServicePure.test.ts","name":"C:/files/Claude/automation-v1/server/services/__tests__/memoryBlockVersionServicePure.test.ts"},{"assertionResults":[],"startTime":1777493729409,"endTime":1777493729409,"status":"failed","message":"No test suite found in file C:/files/Claude/automation-v1/server/services/__tests__/memoryCitationDetectorPure.test.ts","name":"C:/files/Claude/automation-v1/server/services/__tests__/memoryCitationDetectorPure.test.ts"},{"assertionResults":[],"startTime":1777493729409,"endTime":1777493729409,"status":"failed","message":"No test suite found in file C:/files/Claude/automation-v1/server/services/__tests__/memoryEntryQualityServicePure.test.ts","name":"C:/files/Claude/automation-v1/server/services/__tests__/memoryEntryQualityServicePure.test.ts"},{"assertionResults":[],"startTime":1777493729409,"endTime":1777493729409,"status":"failed","message":"No test suite found in file C:/files/Claude/automation-v1/server/services/__tests__/mergeFieldResolverPure.test.ts","name":"C:/files/Claude/automation-v1/server/services/__tests__/mergeFieldResolverPure.test.ts"},{"assertionResults":[],"startTime":1777493729409,"endTime":1777493729409,"status":"failed","message":"No test suite found in file C:/files/Claude/automation-v1/server/services/__tests__/mutateActiveToolsPreservingUniversal.test.ts","name":"C:/files/Claude/automation-v1/server/services/__tests__/mutateActiveToolsPreservingUniversal.test.ts"},{"assertionResults":[],"startTime":1777493729409,"endTime":1777493729409,"status":"failed","message":"No test suite found in file C:/files/Claude/automation-v1/server/services/__tests__/n8nImportServicePure.test.ts","name":"C:/files/Claude/automation-v1/server/services/__tests__/n8nImportServicePure.test.ts"},{"assertionResults":[],"startTime":1777493729409,"endTime":1777493729409,"status":"failed","message":"No test suite found in file C:/files/Claude/automation-v1/server/services/__tests__/notifyOperatorFanoutServicePure.test.ts","name":"C:/files/Claude/automation-v1/server/services/__tests__/notifyOperatorFanoutServicePure.test.ts"},{"assertionResults":[],"startTime":1777493729409,"endTime":1777493729409,"status":"failed","message":"No test suite found in file C:/files/Claude/automation-v1/server/services/__tests__/onboardingStateServicePure.test.ts","name":"C:/files/Claude/automation-v1/server/services/__tests__/onboardingStateServicePure.test.ts"},{"assertionResults":[],"startTime":1777493729409,"endTime":1777493729409,"status":"failed","message":"No test suite found in file C:/files/Claude/automation-v1/server/services/__tests__/operationalConfigSchemaPure.test.ts","name":"C:/files/Claude/automation-v1/server/services/__tests__/operationalConfigSchemaPure.test.ts"},{"assertionResults":[],"startTime":1777493729409,"endTime":1777493729409,"status":"failed","message":"No test suite found in file C:/files/Claude/automation-v1/server/services/__tests__/orgConfigServiceReadPathPure.test.ts","name":"C:/files/Claude/automation-v1/server/services/__tests__/orgConfigServiceReadPathPure.test.ts"},{"assertionResults":[],"startTime":1777493729409,"endTime":1777493729409,"status":"failed","message":"No test suite found in file C:/files/Claude/automation-v1/server/services/__tests__/orgOperationalConfigMigrationPure.test.ts","name":"C:/files/Claude/automation-v1/server/services/__tests__/orgOperationalConfigMigrationPure.test.ts"},{"assertionResults":[],"startTime":1777493729409,"endTime":1777493729409,"status":"failed","message":"No test suite found in file C:/files/Claude/automation-v1/server/services/__tests__/policyEngineService.scopeValidation.test.ts","name":"C:/files/Claude/automation-v1/server/services/__tests__/policyEngineService.scopeValidation.test.ts"},{"assertionResults":[],"startTime":1777493729409,"endTime":1777493729409,"status":"failed","message":"No test suite found in file C:/files/Claude/automation-v1/server/services/__tests__/policyEngineServicePure.confidence.test.ts","name":"C:/files/Claude/automation-v1/server/services/__tests__/policyEngineServicePure.confidence.test.ts"},{"assertionResults":[],"startTime":1777493729409,"endTime":1777493729409,"status":"failed","message":"No test suite found in file C:/files/Claude/automation-v1/server/services/__tests__/portfolioRollupServicePure.test.ts","name":"C:/files/Claude/automation-v1/server/services/__tests__/portfolioRollupServicePure.test.ts"},{"assertionResults":[],"startTime":1777493729409,"endTime":1777493729409,"status":"failed","message":"No test suite found in file C:/files/Claude/automation-v1/server/services/__tests__/principalContextConstructorsPure.test.ts","name":"C:/files/Claude/automation-v1/server/services/__tests__/principalContextConstructorsPure.test.ts"},{"assertionResults":[],"startTime":1777493729409,"endTime":1777493729409,"status":"failed","message":"No test suite found in file C:/files/Claude/automation-v1/server/services/__tests__/priorityFeedServicePure.test.ts","name":"C:/files/Claude/automation-v1/server/services/__tests__/priorityFeedServicePure.test.ts"},{"assertionResults":[],"startTime":1777493729409,"endTime":1777493729409,"status":"failed","message":"No test suite found in file C:/files/Claude/automation-v1/server/services/__tests__/pulseConfigServicePure.test.ts","name":"C:/files/Claude/automation-v1/server/services/__tests__/pulseConfigServicePure.test.ts"},{"assertionResults":[],"startTime":1777493729409,"endTime":1777493729409,"status":"failed","message":"No test suite found in file C:/files/Claude/automation-v1/server/services/__tests__/pulseLaneClassifierPure.test.ts","name":"C:/files/Claude/automation-v1/server/services/__tests__/pulseLaneClassifierPure.test.ts"},{"assertionResults":[],"startTime":1777493729409,"endTime":1777493729409,"status":"failed","message":"No test suite found in file C:/files/Claude/automation-v1/server/services/__tests__/pulseServiceResolvedUrl.test.ts","name":"C:/files/Claude/automation-v1/server/services/__tests__/pulseServiceResolvedUrl.test.ts"},{"assertionResults":[],"startTime":1777493729409,"endTime":1777493729409,"status":"failed","message":"No test suite found in file C:/files/Claude/automation-v1/server/services/__tests__/rateLimiterPure.test.ts","name":"C:/files/Claude/automation-v1/server/services/__tests__/rateLimiterPure.test.ts"},{"assertionResults":[],"startTime":1777493729409,"endTime":1777493729409,"status":"failed","message":"No test suite found in file C:/files/Claude/automation-v1/server/services/__tests__/rateLimitKeysPure.test.ts","name":"C:/files/Claude/automation-v1/server/services/__tests__/rateLimitKeysPure.test.ts"},{"assertionResults":[],"startTime":1777493729409,"endTime":1777493729409,"status":"failed","message":"No test suite found in file C:/files/Claude/automation-v1/server/services/__tests__/readPathResolutionPure.test.ts","name":"C:/files/Claude/automation-v1/server/services/__tests__/readPathResolutionPure.test.ts"},{"assertionResults":[],"startTime":1777493729409,"endTime":1777493729409,"status":"failed","message":"No test suite found in file C:/files/Claude/automation-v1/server/services/__tests__/recommendedInterventionPure.test.ts","name":"C:/files/Claude/automation-v1/server/services/__tests__/recommendedInterventionPure.test.ts"},{"assertionResults":[],"startTime":1777493729409,"endTime":1777493729409,"status":"failed","message":"No test suite found in file C:/files/Claude/automation-v1/server/services/__tests__/referenceDocumentServicePure.test.ts","name":"C:/files/Claude/automation-v1/server/services/__tests__/referenceDocumentServicePure.test.ts"},{"assertionResults":[],"startTime":1777493729409,"endTime":1777493729409,"status":"failed","message":"No test suite found in file C:/files/Claude/automation-v1/server/services/__tests__/regressionCaptureServicePure.test.ts","name":"C:/files/Claude/automation-v1/server/services/__tests__/regressionCaptureServicePure.test.ts"},{"assertionResults":[],"startTime":1777493729409,"endTime":1777493729409,"status":"failed","message":"No test suite found in file C:/files/Claude/automation-v1/server/services/__tests__/resolveRequiredConnectionsPure.test.ts","name":"C:/files/Claude/automation-v1/server/services/__tests__/resolveRequiredConnectionsPure.test.ts"},{"assertionResults":[],"startTime":1777493729409,"endTime":1777493729409,"status":"failed","message":"No test suite found in file C:/files/Claude/automation-v1/server/services/__tests__/resumeInvokeAutomationStepPure.test.ts","name":"C:/files/Claude/automation-v1/server/services/__tests__/resumeInvokeAutomationStepPure.test.ts"},{"assertionResults":[],"startTime":1777493729409,"endTime":1777493729409,"status":"failed","message":"No test suite found in file C:/files/Claude/automation-v1/server/services/__tests__/retrievalPipelinePure.test.ts","name":"C:/files/Claude/automation-v1/server/services/__tests__/retrievalPipelinePure.test.ts"},{"assertionResults":[],"startTime":1777493729409,"endTime":1777493729409,"status":"failed","message":"No test suite found in file C:/files/Claude/automation-v1/server/services/__tests__/reviewServiceIdempotency.test.ts","name":"C:/files/Claude/automation-v1/server/services/__tests__/reviewServiceIdempotency.test.ts"},{"assertionResults":[],"startTime":1777493729409,"endTime":1777493729409,"status":"failed","message":"No test suite found in file C:/files/Claude/automation-v1/server/services/__tests__/reviewServicePure.test.ts","name":"C:/files/Claude/automation-v1/server/services/__tests__/reviewServicePure.test.ts"},{"assertionResults":[],"startTime":1777493729409,"endTime":1777493729409,"status":"failed","message":"process.exit unexpectedly called with \"0\"","name":"C:/files/Claude/automation-v1/server/services/__tests__/rls.context-propagation.test.ts"},{"assertionResults":[],"startTime":1777493729409,"endTime":1777493729409,"status":"failed","message":"No test suite found in file C:/files/Claude/automation-v1/server/services/__tests__/rlsPredicateSqlBuilderPure.test.ts","name":"C:/files/Claude/automation-v1/server/services/__tests__/rlsPredicateSqlBuilderPure.test.ts"},{"assertionResults":[],"startTime":1777493729409,"endTime":1777493729409,"status":"failed","message":"No test suite found in file C:/files/Claude/automation-v1/server/services/__tests__/ruleCapturePolicyPure.test.ts","name":"C:/files/Claude/automation-v1/server/services/__tests__/ruleCapturePolicyPure.test.ts"},{"assertionResults":[],"startTime":1777493729409,"endTime":1777493729409,"status":"failed","message":"No test suite found in file C:/files/Claude/automation-v1/server/services/__tests__/ruleConflictDetectorPure.test.ts","name":"C:/files/Claude/automation-v1/server/services/__tests__/ruleConflictDetectorPure.test.ts"},{"assertionResults":[],"startTime":1777493729409,"endTime":1777493729409,"status":"failed","message":"No test suite found in file C:/files/Claude/automation-v1/server/services/__tests__/ruleDraftCandidatesPure.test.ts","name":"C:/files/Claude/automation-v1/server/services/__tests__/ruleDraftCandidatesPure.test.ts"},{"assertionResults":[],"startTime":1777493729409,"endTime":1777493729409,"status":"failed","message":"No test suite found in file C:/files/Claude/automation-v1/server/services/__tests__/ruleTeachabilityClassifierPure.test.ts","name":"C:/files/Claude/automation-v1/server/services/__tests__/ruleTeachabilityClassifierPure.test.ts"},{"assertionResults":[],"startTime":1777493729409,"endTime":1777493729409,"status":"failed","message":"No test suite found in file C:/files/Claude/automation-v1/server/services/__tests__/runContextLoader.test.ts","name":"C:/files/Claude/automation-v1/server/services/__tests__/runContextLoader.test.ts"},{"assertionResults":[],"startTime":1777493729409,"endTime":1777493729409,"status":"failed","message":"No test suite found in file C:/files/Claude/automation-v1/server/services/__tests__/runStatusDriftPure.test.ts","name":"C:/files/Claude/automation-v1/server/services/__tests__/runStatusDriftPure.test.ts"},{"assertionResults":[],"startTime":1777493729409,"endTime":1777493729409,"status":"failed","message":"No test suite found in file C:/files/Claude/automation-v1/server/services/__tests__/scanIntegrationFingerprintsPure.test.ts","name":"C:/files/Claude/automation-v1/server/services/__tests__/scanIntegrationFingerprintsPure.test.ts"},{"assertionResults":[],"startTime":1777493729409,"endTime":1777493729409,"status":"failed","message":"No test suite found in file C:/files/Claude/automation-v1/server/services/__tests__/scheduleCalendarParity.test.ts","name":"C:/files/Claude/automation-v1/server/services/__tests__/scheduleCalendarParity.test.ts"},{"assertionResults":[],"startTime":1777493729409,"endTime":1777493729409,"status":"failed","message":"No test suite found in file C:/files/Claude/automation-v1/server/services/__tests__/scheduleCalendarServicePure.test.ts","name":"C:/files/Claude/automation-v1/server/services/__tests__/scheduleCalendarServicePure.test.ts"},{"assertionResults":[],"startTime":1777493729409,"endTime":1777493729409,"status":"failed","message":"No test suite found in file C:/files/Claude/automation-v1/server/services/__tests__/scopeResolutionPure.test.ts","name":"C:/files/Claude/automation-v1/server/services/__tests__/scopeResolutionPure.test.ts"},{"assertionResults":[],"startTime":1777493729409,"endTime":1777493729409,"status":"failed","message":"No test suite found in file C:/files/Claude/automation-v1/server/services/__tests__/seedConfigAgentGuidelinesPure.test.ts","name":"C:/files/Claude/automation-v1/server/services/__tests__/seedConfigAgentGuidelinesPure.test.ts"},{"assertionResults":[],"startTime":1777493729409,"endTime":1777493729409,"status":"failed","message":"No test suite found in file C:/files/Claude/automation-v1/server/services/__tests__/skillAnalyzerServicePure.test.ts","name":"C:/files/Claude/automation-v1/server/services/__tests__/skillAnalyzerServicePure.test.ts"},{"assertionResults":[],"startTime":1777493729409,"endTime":1777493729409,"status":"failed","message":"No test suite found in file C:/files/Claude/automation-v1/server/services/__tests__/skillAnalyzerServicePureAgentRanking.test.ts","name":"C:/files/Claude/automation-v1/server/services/__tests__/skillAnalyzerServicePureAgentRanking.test.ts"},{"assertionResults":[],"startTime":1777493729409,"endTime":1777493729409,"status":"failed","message":"No test suite found in file C:/files/Claude/automation-v1/server/services/__tests__/skillAnalyzerServicePureDiffRows.test.ts","name":"C:/files/Claude/automation-v1/server/services/__tests__/skillAnalyzerServicePureDiffRows.test.ts"},{"assertionResults":[],"startTime":1777493729409,"endTime":1777493729409,"status":"failed","message":"No test suite found in file C:/files/Claude/automation-v1/server/services/__tests__/skillAnalyzerServicePureFallbackAndTables.test.ts","name":"C:/files/Claude/automation-v1/server/services/__tests__/skillAnalyzerServicePureFallbackAndTables.test.ts"},{"assertionResults":[],"startTime":1777493729409,"endTime":1777493729409,"status":"failed","message":"No test suite found in file C:/files/Claude/automation-v1/server/services/__tests__/skillAnalyzerServicePureMergePrompt.test.ts","name":"C:/files/Claude/automation-v1/server/services/__tests__/skillAnalyzerServicePureMergePrompt.test.ts"},{"assertionResults":[],"startTime":1777493729409,"endTime":1777493729409,"status":"failed","message":"No test suite found in file C:/files/Claude/automation-v1/server/services/__tests__/skillAnalyzerServicePureV6.test.ts","name":"C:/files/Claude/automation-v1/server/services/__tests__/skillAnalyzerServicePureV6.test.ts"},{"assertionResults":[],"startTime":1777493729409,"endTime":1777493729409,"status":"failed","message":"No test suite found in file C:/files/Claude/automation-v1/server/services/__tests__/skillAnalyzerServicePureValidation.test.ts","name":"C:/files/Claude/automation-v1/server/services/__tests__/skillAnalyzerServicePureValidation.test.ts"},{"assertionResults":[],"startTime":1777493729409,"endTime":1777493729409,"status":"failed","message":"No test suite found in file C:/files/Claude/automation-v1/server/services/__tests__/skillExecutor.reassignTask.test.ts","name":"C:/files/Claude/automation-v1/server/services/__tests__/skillExecutor.reassignTask.test.ts"},{"assertionResults":[],"startTime":1777493729409,"endTime":1777493729409,"status":"failed","message":"No test suite found in file C:/files/Claude/automation-v1/server/services/__tests__/skillExecutor.spawnSubAgents.test.ts","name":"C:/files/Claude/automation-v1/server/services/__tests__/skillExecutor.spawnSubAgents.test.ts"},{"assertionResults":[],"startTime":1777493729409,"endTime":1777493729409,"status":"failed","message":"No test suite found in file C:/files/Claude/automation-v1/server/services/__tests__/skillExecutorPure.test.ts","name":"C:/files/Claude/automation-v1/server/services/__tests__/skillExecutorPure.test.ts"},{"assertionResults":[],"startTime":1777493729409,"endTime":1777493729409,"status":"failed","message":"No test suite found in file C:/files/Claude/automation-v1/server/services/__tests__/skillHandlerRegistryEquivalence.test.ts","name":"C:/files/Claude/automation-v1/server/services/__tests__/skillHandlerRegistryEquivalence.test.ts"},{"assertionResults":[],"startTime":1777493729409,"endTime":1777493729409,"status":"failed","message":"No test suite found in file C:/files/Claude/automation-v1/server/services/__tests__/skillIdempotencyKeysPure.test.ts","name":"C:/files/Claude/automation-v1/server/services/__tests__/skillIdempotencyKeysPure.test.ts"},{"assertionResults":[],"startTime":1777493729409,"endTime":1777493729409,"status":"failed","message":"No test suite found in file C:/files/Claude/automation-v1/server/services/__tests__/skillParserServicePure.test.ts","name":"C:/files/Claude/automation-v1/server/services/__tests__/skillParserServicePure.test.ts"},{"assertionResults":[],"startTime":1777493729409,"endTime":1777493729409,"status":"failed","message":"No test suite found in file C:/files/Claude/automation-v1/server/services/__tests__/skillService.resolver.test.ts","name":"C:/files/Claude/automation-v1/server/services/__tests__/skillService.resolver.test.ts"},{"assertionResults":[],"startTime":1777493729409,"endTime":1777493729409,"status":"failed","message":"No test suite found in file C:/files/Claude/automation-v1/server/services/__tests__/skillStudioServicePure.test.ts","name":"C:/files/Claude/automation-v1/server/services/__tests__/skillStudioServicePure.test.ts"},{"assertionResults":[],"startTime":1777493729409,"endTime":1777493729409,"status":"failed","message":"No test suite found in file C:/files/Claude/automation-v1/server/services/__tests__/staleConnectorDetectorPure.test.ts","name":"C:/files/Claude/automation-v1/server/services/__tests__/staleConnectorDetectorPure.test.ts"},{"assertionResults":[],"startTime":1777493729409,"endTime":1777493729409,"status":"failed","message":"No test suite found in file C:/files/Claude/automation-v1/server/services/__tests__/subaccountOnboardingServicePure.test.ts","name":"C:/files/Claude/automation-v1/server/services/__tests__/subaccountOnboardingServicePure.test.ts"},{"assertionResults":[],"startTime":1777493729409,"endTime":1777493729409,"status":"failed","message":"No test suite found in file C:/files/Claude/automation-v1/server/services/__tests__/systemIncidentServicePure.test.ts","name":"C:/files/Claude/automation-v1/server/services/__tests__/systemIncidentServicePure.test.ts"},{"assertionResults":[],"startTime":1777493729409,"endTime":1777493729409,"status":"failed","message":"No test suite found in file C:/files/Claude/automation-v1/server/services/__tests__/systemPnlServicePure.test.ts","name":"C:/files/Claude/automation-v1/server/services/__tests__/systemPnlServicePure.test.ts"},{"assertionResults":[],"startTime":1777493729409,"endTime":1777493729409,"status":"failed","message":"No test suite found in file C:/files/Claude/automation-v1/server/services/__tests__/systemSkillHandlerValidatorPure.test.ts","name":"C:/files/Claude/automation-v1/server/services/__tests__/systemSkillHandlerValidatorPure.test.ts"},{"assertionResults":[],"startTime":1777493729409,"endTime":1777493729409,"status":"failed","message":"No test suite found in file C:/files/Claude/automation-v1/server/services/__tests__/systemSkillServicePure.test.ts","name":"C:/files/Claude/automation-v1/server/services/__tests__/systemSkillServicePure.test.ts"},{"assertionResults":[],"startTime":1777493729409,"endTime":1777493729409,"status":"failed","message":"No test suite found in file C:/files/Claude/automation-v1/server/services/__tests__/toolCallsLogProjectionServicePure.test.ts","name":"C:/files/Claude/automation-v1/server/services/__tests__/toolCallsLogProjectionServicePure.test.ts"},{"assertionResults":[],"startTime":1777493729409,"endTime":1777493729409,"status":"failed","message":"No test suite found in file C:/files/Claude/automation-v1/server/services/__tests__/topicClassifierPure.test.ts","name":"C:/files/Claude/automation-v1/server/services/__tests__/topicClassifierPure.test.ts"},{"assertionResults":[],"startTime":1777493729409,"endTime":1777493729409,"status":"failed","message":"No test suite found in file C:/files/Claude/automation-v1/server/services/__tests__/trajectoryServicePure.test.ts","name":"C:/files/Claude/automation-v1/server/services/__tests__/trajectoryServicePure.test.ts"},{"assertionResults":[],"startTime":1777493729409,"endTime":1777493729409,"status":"failed","message":"No test suite found in file C:/files/Claude/automation-v1/server/services/__tests__/trustCalibrationServicePure.test.ts","name":"C:/files/Claude/automation-v1/server/services/__tests__/trustCalibrationServicePure.test.ts"},{"assertionResults":[],"startTime":1777493729409,"endTime":1777493729409,"status":"failed","message":"No test suite found in file C:/files/Claude/automation-v1/server/services/__tests__/visibilityPredicatePure.test.ts","name":"C:/files/Claude/automation-v1/server/services/__tests__/visibilityPredicatePure.test.ts"},{"assertionResults":[],"startTime":1777493729409,"endTime":1777493729409,"status":"failed","message":"No test suite found in file C:/files/Claude/automation-v1/server/services/__tests__/workflowActionCallExecutorPure.test.ts","name":"C:/files/Claude/automation-v1/server/services/__tests__/workflowActionCallExecutorPure.test.ts"},{"assertionResults":[],"startTime":1777493729409,"endTime":1777493729409,"status":"failed","message":"No test suite found in file C:/files/Claude/automation-v1/server/services/__tests__/workflowEngineApprovalResumeDispatch.integration.test.ts","name":"C:/files/Claude/automation-v1/server/services/__tests__/workflowEngineApprovalResumeDispatch.integration.test.ts"},{"assertionResults":[],"startTime":1777493729409,"endTime":1777493729409,"status":"failed","message":"No test suite found in file C:/files/Claude/automation-v1/server/services/__tests__/workspaceHealthServicePure.test.ts","name":"C:/files/Claude/automation-v1/server/services/__tests__/workspaceHealthServicePure.test.ts"},{"assertionResults":[],"startTime":1777493729409,"endTime":1777493729409,"status":"failed","message":"process.exit unexpectedly called with \"1\"","name":"C:/files/Claude/automation-v1/server/services/__tests__/workspaceMemoryService.test.ts"},{"assertionResults":[],"startTime":1777493729409,"endTime":1777493729409,"status":"failed","message":"No test suite found in file C:/files/Claude/automation-v1/server/services/__tests__/workspaceMemoryServicePure.test.ts","name":"C:/files/Claude/automation-v1/server/services/__tests__/workspaceMemoryServicePure.test.ts"},{"assertionResults":[],"startTime":1777493729409,"endTime":1777493729409,"status":"failed","message":"No test suite found in file C:/files/Claude/automation-v1/client/src/components/__tests__/activityFeedMerge.test.ts","name":"C:/files/Claude/automation-v1/client/src/components/__tests__/activityFeedMerge.test.ts"},{"assertionResults":[],"startTime":1777493729409,"endTime":1777493729409,"status":"failed","message":"No test suite found in file C:/files/Claude/automation-v1/client/src/components/__tests__/dashboardErrorBannerPure.test.ts","name":"C:/files/Claude/automation-v1/client/src/components/__tests__/dashboardErrorBannerPure.test.ts"},{"assertionResults":[],"startTime":1777493729409,"endTime":1777493729409,"status":"failed","message":"No test suite found in file C:/files/Claude/automation-v1/client/src/components/__tests__/DeliveryChannels.test.ts","name":"C:/files/Claude/automation-v1/client/src/components/__tests__/DeliveryChannels.test.ts"},{"assertionResults":[],"startTime":1777493729409,"endTime":1777493729409,"status":"failed","message":"No test suite found in file C:/files/Claude/automation-v1/client/src/hooks/__tests__/usePendingIntervention.test.ts","name":"C:/files/Claude/automation-v1/client/src/hooks/__tests__/usePendingIntervention.test.ts"},{"assertionResults":[],"startTime":1777493729409,"endTime":1777493729409,"status":"failed","message":"No test suite found in file C:/files/Claude/automation-v1/client/src/lib/__tests__/briefArtefactLifecyclePure.test.ts","name":"C:/files/Claude/automation-v1/client/src/lib/__tests__/briefArtefactLifecyclePure.test.ts"},{"assertionResults":[],"startTime":1777493729409,"endTime":1777493729409,"status":"failed","message":"No test suite found in file C:/files/Claude/automation-v1/client/src/lib/__tests__/formatDuration.test.ts","name":"C:/files/Claude/automation-v1/client/src/lib/__tests__/formatDuration.test.ts"},{"assertionResults":[],"startTime":1777493729409,"endTime":1777493729409,"status":"failed","message":"No test suite found in file C:/files/Claude/automation-v1/client/src/lib/__tests__/resolvePulseDetailUrl.test.ts","name":"C:/files/Claude/automation-v1/client/src/lib/__tests__/resolvePulseDetailUrl.test.ts"},{"assertionResults":[],"startTime":1777493729409,"endTime":1777493729409,"status":"failed","message":"No test suite found in file C:/files/Claude/automation-v1/client/src/pages/__tests__/dashboardVersioning.test.ts","name":"C:/files/Claude/automation-v1/client/src/pages/__tests__/dashboardVersioning.test.ts"},{"assertionResults":[],"startTime":1777493729409,"endTime":1777493729409,"status":"failed","message":"No test suite found in file C:/files/Claude/automation-v1/server/lib/schedule/__tests__/schedulePickerToCronPure.test.ts","name":"C:/files/Claude/automation-v1/server/lib/schedule/__tests__/schedulePickerToCronPure.test.ts"},{"assertionResults":[],"startTime":1777493729409,"endTime":1777493729409,"status":"failed","message":"No test suite found in file C:/files/Claude/automation-v1/server/tools/config/__tests__/configSkillHandlersPure.test.ts","name":"C:/files/Claude/automation-v1/server/tools/config/__tests__/configSkillHandlersPure.test.ts"},{"assertionResults":[],"startTime":1777493729409,"endTime":1777493729409,"status":"failed","message":"No test suite found in file C:/files/Claude/automation-v1/server/lib/workflow/__tests__/actionCallAllowlistPure.test.ts","name":"C:/files/Claude/automation-v1/server/lib/workflow/__tests__/actionCallAllowlistPure.test.ts"},{"assertionResults":[],"startTime":1777493729409,"endTime":1777493729409,"status":"failed","message":"No test suite found in file C:/files/Claude/automation-v1/server/lib/workflow/__tests__/actionCallValidatorPure.test.ts","name":"C:/files/Claude/automation-v1/server/lib/workflow/__tests__/actionCallValidatorPure.test.ts"},{"assertionResults":[],"startTime":1777493729409,"endTime":1777493729409,"status":"failed","message":"No test suite found in file C:/files/Claude/automation-v1/server/lib/workflow/__tests__/agentDecisionEnvelope.test.ts","name":"C:/files/Claude/automation-v1/server/lib/workflow/__tests__/agentDecisionEnvelope.test.ts"},{"assertionResults":[],"startTime":1777493729409,"endTime":1777493729409,"status":"failed","message":"No test suite found in file C:/files/Claude/automation-v1/server/lib/workflow/__tests__/agentDecisionPure.test.ts","name":"C:/files/Claude/automation-v1/server/lib/workflow/__tests__/agentDecisionPure.test.ts"},{"assertionResults":[],"startTime":1777493729409,"endTime":1777493729409,"status":"failed","message":"No test suite found in file C:/files/Claude/automation-v1/server/lib/workflow/__tests__/workflow.test.ts","name":"C:/files/Claude/automation-v1/server/lib/workflow/__tests__/workflow.test.ts"},{"assertionResults":[],"startTime":1777493729409,"endTime":1777493729409,"status":"failed","message":"No test suite found in file C:/files/Claude/automation-v1/server/tools/capabilities/__tests__/askClarifyingQuestionsHandlerPure.test.ts","name":"C:/files/Claude/automation-v1/server/tools/capabilities/__tests__/askClarifyingQuestionsHandlerPure.test.ts"},{"assertionResults":[],"startTime":1777493729409,"endTime":1777493729409,"status":"failed","message":"No test suite found in file C:/files/Claude/automation-v1/server/tools/capabilities/__tests__/challengeAssumptionsHandlerPure.test.ts","name":"C:/files/Claude/automation-v1/server/tools/capabilities/__tests__/challengeAssumptionsHandlerPure.test.ts"},{"assertionResults":[],"startTime":1777493729409,"endTime":1777493729409,"status":"failed","message":"No test suite found in file C:/files/Claude/automation-v1/server/services/adapters/__tests__/apiAdapterClassifierPure.test.ts","name":"C:/files/Claude/automation-v1/server/services/adapters/__tests__/apiAdapterClassifierPure.test.ts"},{"assertionResults":[],"startTime":1777493729409,"endTime":1777493729409,"status":"failed","message":"No test suite found in file C:/files/Claude/automation-v1/server/services/crmQueryPlanner/__tests__/approvalCardGeneratorPure.test.ts","name":"C:/files/Claude/automation-v1/server/services/crmQueryPlanner/__tests__/approvalCardGeneratorPure.test.ts"},{"assertionResults":[],"startTime":1777493729409,"endTime":1777493729409,"status":"failed","message":"No test suite found in file C:/files/Claude/automation-v1/server/services/crmQueryPlanner/__tests__/canonicalQueryRegistry.test.ts","name":"C:/files/Claude/automation-v1/server/services/crmQueryPlanner/__tests__/canonicalQueryRegistry.test.ts"},{"assertionResults":[],"startTime":1777493729409,"endTime":1777493729409,"status":"failed","message":"No test suite found in file C:/files/Claude/automation-v1/server/services/crmQueryPlanner/__tests__/crmQueryPlannerService.test.ts","name":"C:/files/Claude/automation-v1/server/services/crmQueryPlanner/__tests__/crmQueryPlannerService.test.ts"},{"assertionResults":[],"startTime":1777493729409,"endTime":1777493729409,"status":"failed","message":"No test suite found in file C:/files/Claude/automation-v1/server/services/crmQueryPlanner/__tests__/hybridExecutor.test.ts","name":"C:/files/Claude/automation-v1/server/services/crmQueryPlanner/__tests__/hybridExecutor.test.ts"},{"assertionResults":[],"startTime":1777493729409,"endTime":1777493729409,"status":"failed","message":"process.exit unexpectedly called with \"0\"","name":"C:/files/Claude/automation-v1/server/services/crmQueryPlanner/__tests__/integration.test.ts"},{"assertionResults":[],"startTime":1777493729409,"endTime":1777493729409,"status":"failed","message":"No test suite found in file C:/files/Claude/automation-v1/server/services/crmQueryPlanner/__tests__/liveExecutor.test.ts","name":"C:/files/Claude/automation-v1/server/services/crmQueryPlanner/__tests__/liveExecutor.test.ts"},{"assertionResults":[],"startTime":1777493729409,"endTime":1777493729409,"status":"failed","message":"No test suite found in file C:/files/Claude/automation-v1/server/services/crmQueryPlanner/__tests__/llmPlannerPromptPure.test.ts","name":"C:/files/Claude/automation-v1/server/services/crmQueryPlanner/__tests__/llmPlannerPromptPure.test.ts"},{"assertionResults":[],"startTime":1777493729409,"endTime":1777493729409,"status":"failed","message":"No test suite found in file C:/files/Claude/automation-v1/server/services/crmQueryPlanner/__tests__/normaliseIntentPure.test.ts","name":"C:/files/Claude/automation-v1/server/services/crmQueryPlanner/__tests__/normaliseIntentPure.test.ts"},{"assertionResults":[],"startTime":1777493729409,"endTime":1777493729409,"status":"failed","message":"No test suite found in file C:/files/Claude/automation-v1/server/services/crmQueryPlanner/__tests__/planCachePure.test.ts","name":"C:/files/Claude/automation-v1/server/services/crmQueryPlanner/__tests__/planCachePure.test.ts"},{"assertionResults":[],"startTime":1777493729409,"endTime":1777493729409,"status":"failed","message":"No test suite found in file C:/files/Claude/automation-v1/server/services/crmQueryPlanner/__tests__/plannerCostPure.test.ts","name":"C:/files/Claude/automation-v1/server/services/crmQueryPlanner/__tests__/plannerCostPure.test.ts"},{"assertionResults":[],"startTime":1777493729409,"endTime":1777493729409,"status":"failed","message":"No test suite found in file C:/files/Claude/automation-v1/server/services/crmQueryPlanner/__tests__/registryMatcherPure.test.ts","name":"C:/files/Claude/automation-v1/server/services/crmQueryPlanner/__tests__/registryMatcherPure.test.ts"},{"assertionResults":[],"startTime":1777493729409,"endTime":1777493729409,"status":"failed","message":"No test suite found in file C:/files/Claude/automation-v1/server/services/crmQueryPlanner/__tests__/resultNormaliserPure.test.ts","name":"C:/files/Claude/automation-v1/server/services/crmQueryPlanner/__tests__/resultNormaliserPure.test.ts"},{"assertionResults":[],"startTime":1777493729409,"endTime":1777493729409,"status":"failed","message":"No test suite found in file C:/files/Claude/automation-v1/server/services/crmQueryPlanner/__tests__/schemaContextPure.test.ts","name":"C:/files/Claude/automation-v1/server/services/crmQueryPlanner/__tests__/schemaContextPure.test.ts"},{"assertionResults":[],"startTime":1777493729409,"endTime":1777493729409,"status":"failed","message":"No test suite found in file C:/files/Claude/automation-v1/server/services/crmQueryPlanner/__tests__/validatePlanPure.test.ts","name":"C:/files/Claude/automation-v1/server/services/crmQueryPlanner/__tests__/validatePlanPure.test.ts"},{"assertionResults":[],"startTime":1777493729409,"endTime":1777493729409,"status":"failed","message":"No test suite found in file C:/files/Claude/automation-v1/server/services/middleware/__tests__/errorHandling.failureError.test.ts","name":"C:/files/Claude/automation-v1/server/services/middleware/__tests__/errorHandling.failureError.test.ts"},{"assertionResults":[],"startTime":1777493729409,"endTime":1777493729409,"status":"failed","message":"No test suite found in file C:/files/Claude/automation-v1/server/services/middleware/__tests__/reflectionLoopPure.test.ts","name":"C:/files/Claude/automation-v1/server/services/middleware/__tests__/reflectionLoopPure.test.ts"},{"assertionResults":[],"startTime":1777493729409,"endTime":1777493729409,"status":"failed","message":"No test suite found in file C:/files/Claude/automation-v1/client/src/components/agentRunLog/__tests__/eventRowPure.test.ts","name":"C:/files/Claude/automation-v1/client/src/components/agentRunLog/__tests__/eventRowPure.test.ts"},{"assertionResults":[],"startTime":1777493729409,"endTime":1777493729409,"status":"failed","message":"No test suite found in file C:/files/Claude/automation-v1/client/src/components/brief-artefacts/__tests__/ApprovalCardPure.test.ts","name":"C:/files/Claude/automation-v1/client/src/components/brief-artefacts/__tests__/ApprovalCardPure.test.ts"},{"assertionResults":[],"startTime":1777493729409,"endTime":1777493729409,"status":"failed","message":"No test suite found in file C:/files/Claude/automation-v1/client/src/components/brief-artefacts/__tests__/StructuredResultCardPure.test.ts","name":"C:/files/Claude/automation-v1/client/src/components/brief-artefacts/__tests__/StructuredResultCardPure.test.ts"},{"assertionResults":[],"startTime":1777493729409,"endTime":1777493729409,"status":"failed","message":"No test suite found in file C:/files/Claude/automation-v1/client/src/components/clientpulse/__tests__/SparklineChart.test.ts","name":"C:/files/Claude/automation-v1/client/src/components/clientpulse/__tests__/SparklineChart.test.ts"},{"assertionResults":[],"startTime":1777493729409,"endTime":1777493729409,"status":"failed","message":"No test suite found in file C:/files/Claude/automation-v1/client/src/components/dashboard/__tests__/freshnessIndicator.test.ts","name":"C:/files/Claude/automation-v1/client/src/components/dashboard/__tests__/freshnessIndicator.test.ts"},{"assertionResults":[],"startTime":1777493729409,"endTime":1777493729409,"status":"failed","message":"No test suite found in file C:/files/Claude/automation-v1/server/services/systemMonitor/baselines/__tests__/computeKLDivergencePure.test.ts","name":"C:/files/Claude/automation-v1/server/services/systemMonitor/baselines/__tests__/computeKLDivergencePure.test.ts"},{"assertionResults":[],"startTime":1777493729409,"endTime":1777493729409,"status":"failed","message":"No test suite found in file C:/files/Claude/automation-v1/server/services/systemMonitor/baselines/__tests__/computeOutputEntropyPure.test.ts","name":"C:/files/Claude/automation-v1/server/services/systemMonitor/baselines/__tests__/computeOutputEntropyPure.test.ts"},{"assertionResults":[],"startTime":1777493729409,"endTime":1777493729409,"status":"failed","message":"No test suite found in file C:/files/Claude/automation-v1/client/src/components/run-cost/__tests__/RunCostPanel.test.ts","name":"C:/files/Claude/automation-v1/client/src/components/run-cost/__tests__/RunCostPanel.test.ts"},{"assertionResults":[],"startTime":1777493729409,"endTime":1777493729409,"status":"failed","message":"No test suite found in file C:/files/Claude/automation-v1/server/services/systemMonitor/heuristics/__tests__/heuristics25Pure.test.ts","name":"C:/files/Claude/automation-v1/server/services/systemMonitor/heuristics/__tests__/heuristics25Pure.test.ts"},{"assertionResults":[],"startTime":1777493729409,"endTime":1777493729409,"status":"failed","message":"No test suite found in file C:/files/Claude/automation-v1/server/services/systemMonitor/heuristics/__tests__/heuristicsPure.test.ts","name":"C:/files/Claude/automation-v1/server/services/systemMonitor/heuristics/__tests__/heuristicsPure.test.ts"},{"assertionResults":[],"startTime":1777493729409,"endTime":1777493729409,"status":"failed","message":"No test suite found in file C:/files/Claude/automation-v1/server/services/systemMonitor/synthetic/__tests__/incidentSilencePure.test.ts","name":"C:/files/Claude/automation-v1/server/services/systemMonitor/synthetic/__tests__/incidentSilencePure.test.ts"},{"assertionResults":[],"startTime":1777493729409,"endTime":1777493729409,"status":"failed","message":"No test suite found in file C:/files/Claude/automation-v1/server/services/systemMonitor/synthetic/__tests__/silentAgentSuccessPure.test.ts","name":"C:/files/Claude/automation-v1/server/services/systemMonitor/synthetic/__tests__/silentAgentSuccessPure.test.ts"},{"assertionResults":[],"startTime":1777493729409,"endTime":1777493729409,"status":"failed","message":"No test suite found in file C:/files/Claude/automation-v1/server/services/systemMonitor/synthetic/__tests__/sweepCoverageDegraded.test.ts","name":"C:/files/Claude/automation-v1/server/services/systemMonitor/synthetic/__tests__/sweepCoverageDegraded.test.ts"},{"assertionResults":[],"startTime":1777493729409,"endTime":1777493729409,"status":"failed","message":"No test suite found in file C:/files/Claude/automation-v1/server/services/systemMonitor/synthetic/__tests__/syntheticChecksPure.test.ts","name":"C:/files/Claude/automation-v1/server/services/systemMonitor/synthetic/__tests__/syntheticChecksPure.test.ts"},{"assertionResults":[],"startTime":1777493729409,"endTime":1777493729409,"status":"failed","message":"No test suite found in file C:/files/Claude/automation-v1/server/services/systemMonitor/triage/__tests__/clusterAndSelect.test.ts","name":"C:/files/Claude/automation-v1/server/services/systemMonitor/triage/__tests__/clusterAndSelect.test.ts"},{"assertionResults":[],"startTime":1777493729409,"endTime":1777493729409,"status":"failed","message":"No test suite found in file C:/files/Claude/automation-v1/server/services/systemMonitor/triage/__tests__/promptValidation.test.ts","name":"C:/files/Claude/automation-v1/server/services/systemMonitor/triage/__tests__/promptValidation.test.ts"},{"assertionResults":[],"startTime":1777493729409,"endTime":1777493729409,"status":"failed","message":"No test suite found in file C:/files/Claude/automation-v1/server/services/systemMonitor/triage/__tests__/rateLimitPure.test.ts","name":"C:/files/Claude/automation-v1/server/services/systemMonitor/triage/__tests__/rateLimitPure.test.ts"},{"assertionResults":[],"startTime":1777493729409,"endTime":1777493729409,"status":"failed","message":"No test suite found in file C:/files/Claude/automation-v1/server/services/systemMonitor/triage/__tests__/staleTriageSweepPure.test.ts","name":"C:/files/Claude/automation-v1/server/services/systemMonitor/triage/__tests__/staleTriageSweepPure.test.ts"},{"assertionResults":[],"startTime":1777493729409,"endTime":1777493729409,"status":"failed","message":"No test suite found in file C:/files/Claude/automation-v1/server/services/systemMonitor/triage/__tests__/triageAdmit.test.ts","name":"C:/files/Claude/automation-v1/server/services/systemMonitor/triage/__tests__/triageAdmit.test.ts"},{"assertionResults":[],"startTime":1777493729409,"endTime":1777493729409,"status":"failed","message":"process.exit unexpectedly called with \"0\"","name":"C:/files/Claude/automation-v1/server/services/systemMonitor/triage/__tests__/triageDurability.integration.test.ts"},{"assertionResults":[],"startTime":1777493729409,"endTime":1777493729409,"status":"failed","message":"No test suite found in file C:/files/Claude/automation-v1/server/services/systemMonitor/triage/__tests__/triageIdempotencyPure.test.ts","name":"C:/files/Claude/automation-v1/server/services/systemMonitor/triage/__tests__/triageIdempotencyPure.test.ts"},{"assertionResults":[],"startTime":1777493729409,"endTime":1777493729409,"status":"failed","message":"No test suite found in file C:/files/Claude/automation-v1/server/services/workspaceHealth/detectors/__tests__/explicitDelegationSkillsWithoutChildren.test.ts","name":"C:/files/Claude/automation-v1/server/services/workspaceHealth/detectors/__tests__/explicitDelegationSkillsWithoutChildren.test.ts"},{"assertionResults":[],"startTime":1777493729409,"endTime":1777493729409,"status":"failed","message":"No test suite found in file C:/files/Claude/automation-v1/server/services/workspaceHealth/detectors/__tests__/subaccountMultipleRoots.test.ts","name":"C:/files/Claude/automation-v1/server/services/workspaceHealth/detectors/__tests__/subaccountMultipleRoots.test.ts"},{"assertionResults":[],"startTime":1777493729409,"endTime":1777493729409,"status":"failed","message":"No test suite found in file C:/files/Claude/automation-v1/server/services/workspaceHealth/detectors/__tests__/subaccountNoRoot.test.ts","name":"C:/files/Claude/automation-v1/server/services/workspaceHealth/detectors/__tests__/subaccountNoRoot.test.ts"},{"assertionResults":[],"startTime":1777493729409,"endTime":1777493729409,"status":"failed","message":"No test suite found in file C:/files/Claude/automation-v1/server/services/__tests__/fixtures/__tests__/fakeProviderAdapter.test.ts","name":"C:/files/Claude/automation-v1/server/services/__tests__/fixtures/__tests__/fakeProviderAdapter.test.ts"},{"assertionResults":[],"startTime":1777493729409,"endTime":1777493729409,"status":"failed","message":"No test suite found in file C:/files/Claude/automation-v1/server/services/__tests__/fixtures/__tests__/fakeWebhookReceiver.test.ts","name":"C:/files/Claude/automation-v1/server/services/__tests__/fixtures/__tests__/fakeWebhookReceiver.test.ts"}]}